\BOOKMARK [0][-]{chapter.1}{\376\377\0001\000\040\000N\000a\000m\000e\000s\000p\000a\000c\000e\000\040\000I\000n\000d\000e\000x}{}% 1
\BOOKMARK [1][-]{section.1.1}{\376\377\0001\000.\0001\000\040\000P\000a\000c\000k\000a\000g\000e\000s}{chapter.1}% 2
\BOOKMARK [0][-]{chapter.2}{\376\377\0002\000\040\000H\000i\000e\000r\000a\000r\000c\000h\000i\000c\000a\000l\000\040\000I\000n\000d\000e\000x}{}% 3
\BOOKMARK [1][-]{section.2.1}{\376\377\0002\000.\0001\000\040\000C\000l\000a\000s\000s\000\040\000H\000i\000e\000r\000a\000r\000c\000h\000y}{chapter.2}% 4
\BOOKMARK [0][-]{chapter.3}{\376\377\0003\000\040\000C\000l\000a\000s\000s\000\040\000I\000n\000d\000e\000x}{}% 5
\BOOKMARK [1][-]{section.3.1}{\376\377\0003\000.\0001\000\040\000C\000l\000a\000s\000s\000\040\000L\000i\000s\000t}{chapter.3}% 6
\BOOKMARK [0][-]{chapter.4}{\376\377\0004\000\040\000F\000i\000l\000e\000\040\000I\000n\000d\000e\000x}{}% 7
\BOOKMARK [1][-]{section.4.1}{\376\377\0004\000.\0001\000\040\000F\000i\000l\000e\000\040\000L\000i\000s\000t}{chapter.4}% 8
\BOOKMARK [0][-]{chapter.5}{\376\377\0005\000\040\000N\000a\000m\000e\000s\000p\000a\000c\000e\000\040\000D\000o\000c\000u\000m\000e\000n\000t\000a\000t\000i\000o\000n}{}% 9
\BOOKMARK [1][-]{section.5.1}{\376\377\0005\000.\0001\000\040\000E\000n\000g\000i\000n\000e\000\040\000N\000a\000m\000e\000s\000p\000a\000c\000e\000\040\000R\000e\000f\000e\000r\000e\000n\000c\000e}{chapter.5}% 10
\BOOKMARK [1][-]{section.5.2}{\376\377\0005\000.\0002\000\040\000E\000n\000g\000i\000n\000e\000.\000A\000d\000v\000a\000n\000c\000e\000d\000\040\000N\000a\000m\000e\000s\000p\000a\000c\000e\000\040\000R\000e\000f\000e\000r\000e\000n\000c\000e}{chapter.5}% 11
\BOOKMARK [1][-]{section.5.3}{\376\377\0005\000.\0003\000\040\000E\000n\000g\000i\000n\000e\000.\000A\000d\000v\000a\000n\000c\000e\000d\000.\000M\000L\000\040\000N\000a\000m\000e\000s\000p\000a\000c\000e\000\040\000R\000e\000f\000e\000r\000e\000n\000c\000e}{chapter.5}% 12
\BOOKMARK [2][-]{subsection.5.3.1}{\376\377\0005\000.\0003\000.\0001\000\040\000D\000e\000t\000a\000i\000l\000e\000d\000\040\000D\000e\000s\000c\000r\000i\000p\000t\000i\000o\000n}{section.5.3}% 13
\BOOKMARK [1][-]{section.5.4}{\376\377\0005\000.\0004\000\040\000E\000n\000g\000i\000n\000e\000.\000A\000d\000v\000a\000n\000c\000e\000d\000.\000M\000L\000.\000N\000P\000L\000\040\000N\000a\000m\000e\000s\000p\000a\000c\000e\000\040\000R\000e\000f\000e\000r\000e\000n\000c\000e}{chapter.5}% 14
\BOOKMARK [2][-]{subsection.5.4.1}{\376\377\0005\000.\0004\000.\0001\000\040\000D\000e\000t\000a\000i\000l\000e\000d\000\040\000D\000e\000s\000c\000r\000i\000p\000t\000i\000o\000n}{section.5.4}% 15
\BOOKMARK [1][-]{section.5.5}{\376\377\0005\000.\0005\000\040\000E\000n\000g\000i\000n\000e\000.\000A\000d\000v\000a\000n\000c\000e\000d\000.\000T\000C\000P\000\040\000N\000a\000m\000e\000s\000p\000a\000c\000e\000\040\000R\000e\000f\000e\000r\000e\000n\000c\000e}{chapter.5}% 16
\BOOKMARK [2][-]{subsection.5.5.1}{\376\377\0005\000.\0005\000.\0001\000\040\000D\000e\000t\000a\000i\000l\000e\000d\000\040\000D\000e\000s\000c\000r\000i\000p\000t\000i\000o\000n}{section.5.5}% 17
\BOOKMARK [1][-]{section.5.6}{\376\377\0005\000.\0006\000\040\000E\000n\000g\000i\000n\000e\000.\000B\000a\000s\000e\000\040\000N\000a\000m\000e\000s\000p\000a\000c\000e\000\040\000R\000e\000f\000e\000r\000e\000n\000c\000e}{chapter.5}% 18
\BOOKMARK [0][-]{chapter.6}{\376\377\0006\000\040\000C\000l\000a\000s\000s\000\040\000D\000o\000c\000u\000m\000e\000n\000t\000a\000t\000i\000o\000n}{}% 19
\BOOKMARK [1][-]{section.6.1}{\376\377\0006\000.\0001\000\040\000E\000n\000g\000i\000n\000e\000.\000A\000d\000v\000a\000n\000c\000e\000d\000.\000T\000C\000P\000.\000A\000s\000y\000n\000c\000C\000l\000i\000e\000n\000t\000S\000o\000c\000k\000e\000t\000\040\000C\000l\000a\000s\000s\000\040\000R\000e\000f\000e\000r\000e\000n\000c\000e}{chapter.6}% 20
\BOOKMARK [2][-]{subsection.6.1.1}{\376\377\0006\000.\0001\000.\0001\000\040\000C\000o\000n\000s\000t\000r\000u\000c\000t\000o\000r\000\040\000\046\000\040\000D\000e\000s\000t\000r\000u\000c\000t\000o\000r\000\040\000D\000o\000c\000u\000m\000e\000n\000t\000a\000t\000i\000o\000n}{section.6.1}% 21
\BOOKMARK [3][-]{subsubsection.6.1.1.1}{\376\377\0006\000.\0001\000.\0001\000.\0001\000\040\000A\000s\000y\000n\000c\000C\000l\000i\000e\000n\000t\000S\000o\000c\000k\000e\000t\000\050\000\051}{subsection.6.1.1}% 22
\BOOKMARK [2][-]{subsection.6.1.2}{\376\377\0006\000.\0001\000.\0002\000\040\000M\000e\000m\000b\000e\000r\000\040\000F\000u\000n\000c\000t\000i\000o\000n\000\040\000D\000o\000c\000u\000m\000e\000n\000t\000a\000t\000i\000o\000n}{section.6.1}% 23
\BOOKMARK [3][-]{subsubsection.6.1.2.1}{\376\377\0006\000.\0001\000.\0002\000.\0001\000\040\000D\000i\000s\000p\000o\000s\000e\000\050\000\051}{subsection.6.1.2}% 24
\BOOKMARK [3][-]{subsubsection.6.1.2.2}{\376\377\0006\000.\0001\000.\0002\000.\0002\000\040\000M\000e\000s\000s\000a\000g\000e\000R\000e\000c\000i\000e\000v\000e\000d\000\050\000\051}{subsection.6.1.2}% 25
\BOOKMARK [3][-]{subsubsection.6.1.2.3}{\376\377\0006\000.\0001\000.\0002\000.\0003\000\040\000S\000e\000n\000d\000M\000e\000s\000s\000a\000g\000e\000\050\000\051}{subsection.6.1.2}% 26
\BOOKMARK [3][-]{subsubsection.6.1.2.4}{\376\377\0006\000.\0001\000.\0002\000.\0004\000\040\000S\000e\000r\000v\000e\000r\000F\000u\000l\000l\000\050\000\051}{subsection.6.1.2}% 27
\BOOKMARK [3][-]{subsubsection.6.1.2.5}{\376\377\0006\000.\0001\000.\0002\000.\0005\000\040\000S\000e\000r\000v\000e\000r\000W\000a\000r\000n\000i\000n\000g\000\050\000\051}{subsection.6.1.2}% 28
\BOOKMARK [3][-]{subsubsection.6.1.2.6}{\376\377\0006\000.\0001\000.\0002\000.\0006\000\040\000S\000t\000a\000r\000t\000\050\000\051}{subsection.6.1.2}% 29
\BOOKMARK [2][-]{subsection.6.1.3}{\376\377\0006\000.\0001\000.\0003\000\040\000E\000v\000e\000n\000t\000\040\000D\000o\000c\000u\000m\000e\000n\000t\000a\000t\000i\000o\000n}{section.6.1}% 30
\BOOKMARK [3][-]{subsubsection.6.1.3.1}{\376\377\0006\000.\0001\000.\0003\000.\0001\000\040\000O\000n\000M\000e\000s\000s\000a\000g\000e\000R\000e\000c\000i\000e\000v\000e\000d}{subsection.6.1.3}% 31
\BOOKMARK [3][-]{subsubsection.6.1.3.2}{\376\377\0006\000.\0001\000.\0003\000.\0002\000\040\000O\000n\000S\000e\000r\000v\000e\000r\000F\000u\000l\000l}{subsection.6.1.3}% 32
\BOOKMARK [3][-]{subsubsection.6.1.3.3}{\376\377\0006\000.\0001\000.\0003\000.\0003\000\040\000O\000n\000S\000e\000r\000v\000e\000r\000W\000a\000r\000n\000i\000n\000g}{subsection.6.1.3}% 33
\BOOKMARK [1][-]{section.6.2}{\376\377\0006\000.\0002\000\040\000E\000n\000g\000i\000n\000e\000.\000A\000d\000v\000a\000n\000c\000e\000d\000.\000T\000C\000P\000.\000A\000s\000y\000n\000c\000S\000e\000r\000v\000e\000r\000S\000o\000c\000k\000e\000t\000\040\000C\000l\000a\000s\000s\000\040\000R\000e\000f\000e\000r\000e\000n\000c\000e}{chapter.6}% 34
\BOOKMARK [2][-]{subsection.6.2.1}{\376\377\0006\000.\0002\000.\0001\000\040\000D\000e\000t\000a\000i\000l\000e\000d\000\040\000D\000e\000s\000c\000r\000i\000p\000t\000i\000o\000n}{section.6.2}% 35
\BOOKMARK [2][-]{subsection.6.2.2}{\376\377\0006\000.\0002\000.\0002\000\040\000C\000o\000n\000s\000t\000r\000u\000c\000t\000o\000r\000\040\000\046\000\040\000D\000e\000s\000t\000r\000u\000c\000t\000o\000r\000\040\000D\000o\000c\000u\000m\000e\000n\000t\000a\000t\000i\000o\000n}{section.6.2}% 36
\BOOKMARK [3][-]{subsubsection.6.2.2.1}{\376\377\0006\000.\0002\000.\0002\000.\0001\000\040\000A\000s\000y\000n\000c\000S\000e\000r\000v\000e\000r\000S\000o\000c\000k\000e\000t\000\050\000\051}{subsection.6.2.2}% 37
\BOOKMARK [2][-]{subsection.6.2.3}{\376\377\0006\000.\0002\000.\0003\000\040\000M\000e\000m\000b\000e\000r\000\040\000F\000u\000n\000c\000t\000i\000o\000n\000\040\000D\000o\000c\000u\000m\000e\000n\000t\000a\000t\000i\000o\000n}{section.6.2}% 38
\BOOKMARK [3][-]{subsubsection.6.2.3.1}{\376\377\0006\000.\0002\000.\0003\000.\0001\000\040\000C\000l\000i\000e\000n\000t\000C\000o\000n\000n\000e\000c\000t\000e\000d\000\050\000\051}{subsection.6.2.3}% 39
\BOOKMARK [3][-]{subsubsection.6.2.3.2}{\376\377\0006\000.\0002\000.\0003\000.\0002\000\040\000G\000e\000t\000S\000t\000a\000t\000u\000s\000\050\000\051}{subsection.6.2.3}% 40
\BOOKMARK [3][-]{subsubsection.6.2.3.3}{\376\377\0006\000.\0002\000.\0003\000.\0003\000\040\000S\000e\000t\000M\000A\000X\000\137\000C\000O\000N\000N\000E\000C\000T\000I\000O\000N\000S\000\050\000\051}{subsection.6.2.3}% 41
\BOOKMARK [3][-]{subsubsection.6.2.3.4}{\376\377\0006\000.\0002\000.\0003\000.\0004\000\040\000S\000t\000a\000r\000t\000\050\000\051}{subsection.6.2.3}% 42
\BOOKMARK [3][-]{subsubsection.6.2.3.5}{\376\377\0006\000.\0002\000.\0003\000.\0005\000\040\000S\000t\000o\000p\000\050\000\051}{subsection.6.2.3}% 43
\BOOKMARK [2][-]{subsection.6.2.4}{\376\377\0006\000.\0002\000.\0004\000\040\000M\000e\000m\000b\000e\000r\000\040\000D\000a\000t\000a\000\040\000D\000o\000c\000u\000m\000e\000n\000t\000a\000t\000i\000o\000n}{section.6.2}% 44
\BOOKMARK [3][-]{subsubsection.6.2.4.1}{\376\377\0006\000.\0002\000.\0004\000.\0001\000\040\000C\000l\000i\000e\000n\000t\000s}{subsection.6.2.4}% 45
\BOOKMARK [3][-]{subsubsection.6.2.4.2}{\376\377\0006\000.\0002\000.\0004\000.\0002\000\040\000C\000U\000R\000R\000E\000N\000T\000\137\000C\000O\000N\000N\000E\000C\000T\000I\000O\000N\000S}{subsection.6.2.4}% 46
\BOOKMARK [2][-]{subsection.6.2.5}{\376\377\0006\000.\0002\000.\0005\000\040\000E\000v\000e\000n\000t\000\040\000D\000o\000c\000u\000m\000e\000n\000t\000a\000t\000i\000o\000n}{section.6.2}% 47
\BOOKMARK [3][-]{subsubsection.6.2.5.1}{\376\377\0006\000.\0002\000.\0005\000.\0001\000\040\000O\000n\000C\000l\000i\000e\000n\000t\000C\000o\000n\000n\000e\000c\000t\000e\000d}{subsection.6.2.5}% 48
\BOOKMARK [1][-]{section.6.3}{\376\377\0006\000.\0003\000\040\000E\000n\000g\000i\000n\000e\000.\000A\000d\000v\000a\000n\000c\000e\000d\000.\000T\000C\000P\000.\000A\000s\000y\000n\000c\000S\000e\000r\000v\000e\000r\000S\000o\000c\000k\000e\000t\000.\000C\000l\000i\000e\000n\000t\000\040\000C\000l\000a\000s\000s\000\040\000R\000e\000f\000e\000r\000e\000n\000c\000e}{chapter.6}% 49
\BOOKMARK [2][-]{subsection.6.3.1}{\376\377\0006\000.\0003\000.\0001\000\040\000C\000o\000n\000s\000t\000r\000u\000c\000t\000o\000r\000\040\000\046\000\040\000D\000e\000s\000t\000r\000u\000c\000t\000o\000r\000\040\000D\000o\000c\000u\000m\000e\000n\000t\000a\000t\000i\000o\000n}{section.6.3}% 50
\BOOKMARK [3][-]{subsubsection.6.3.1.1}{\376\377\0006\000.\0003\000.\0001\000.\0001\000\040\000C\000l\000i\000e\000n\000t\000\050\000\051}{subsection.6.3.1}% 51
\BOOKMARK [2][-]{subsection.6.3.2}{\376\377\0006\000.\0003\000.\0002\000\040\000M\000e\000m\000b\000e\000r\000\040\000F\000u\000n\000c\000t\000i\000o\000n\000\040\000D\000o\000c\000u\000m\000e\000n\000t\000a\000t\000i\000o\000n}{section.6.3}% 52
\BOOKMARK [3][-]{subsubsection.6.3.2.1}{\376\377\0006\000.\0003\000.\0002\000.\0001\000\040\000C\000o\000n\000n\000e\000c\000t\000i\000o\000n\000C\000l\000o\000s\000e\000d\000\050\000\051}{subsection.6.3.2}% 53
\BOOKMARK [3][-]{subsubsection.6.3.2.2}{\376\377\0006\000.\0003\000.\0002\000.\0002\000\040\000M\000e\000s\000s\000a\000g\000e\000R\000e\000c\000i\000e\000v\000e\000d\000\050\000\051}{subsection.6.3.2}% 54
\BOOKMARK [3][-]{subsubsection.6.3.2.3}{\376\377\0006\000.\0003\000.\0002\000.\0003\000\040\000S\000e\000n\000d\000M\000e\000s\000s\000a\000g\000e\000\050\000\051}{subsection.6.3.2}% 55
\BOOKMARK [3][-]{subsubsection.6.3.2.4}{\376\377\0006\000.\0003\000.\0002\000.\0004\000\040\000S\000t\000a\000r\000t\000\050\000\051}{subsection.6.3.2}% 56
\BOOKMARK [2][-]{subsection.6.3.3}{\376\377\0006\000.\0003\000.\0003\000\040\000M\000e\000m\000b\000e\000r\000\040\000D\000a\000t\000a\000\040\000D\000o\000c\000u\000m\000e\000n\000t\000a\000t\000i\000o\000n}{section.6.3}% 57
\BOOKMARK [3][-]{subsubsection.6.3.3.1}{\376\377\0006\000.\0003\000.\0003\000.\0001\000\040\000\137\000c\000l\000i\000e\000n\000t}{subsection.6.3.3}% 58
\BOOKMARK [3][-]{subsubsection.6.3.3.2}{\376\377\0006\000.\0003\000.\0003\000.\0002\000\040\000I\000D}{subsection.6.3.3}% 59
\BOOKMARK [2][-]{subsection.6.3.4}{\376\377\0006\000.\0003\000.\0004\000\040\000E\000v\000e\000n\000t\000\040\000D\000o\000c\000u\000m\000e\000n\000t\000a\000t\000i\000o\000n}{section.6.3}% 60
\BOOKMARK [3][-]{subsubsection.6.3.4.1}{\376\377\0006\000.\0003\000.\0004\000.\0001\000\040\000O\000n\000C\000o\000n\000n\000e\000c\000t\000i\000o\000n\000C\000l\000o\000s\000e\000d}{subsection.6.3.4}% 61
\BOOKMARK [3][-]{subsubsection.6.3.4.2}{\376\377\0006\000.\0003\000.\0004\000.\0002\000\040\000O\000n\000M\000e\000s\000s\000a\000g\000e\000R\000e\000c\000i\000e\000v\000e\000d}{subsection.6.3.4}% 62
\BOOKMARK [1][-]{section.6.4}{\376\377\0006\000.\0004\000\040\000E\000n\000g\000i\000n\000e\000.\000A\000d\000v\000a\000n\000c\000e\000d\000.\000D\000B\000\040\000C\000l\000a\000s\000s\000\040\000R\000e\000f\000e\000r\000e\000n\000c\000e}{chapter.6}% 63
\BOOKMARK [2][-]{subsection.6.4.1}{\376\377\0006\000.\0004\000.\0001\000\040\000D\000e\000t\000a\000i\000l\000e\000d\000\040\000D\000e\000s\000c\000r\000i\000p\000t\000i\000o\000n}{section.6.4}% 64
\BOOKMARK [2][-]{subsection.6.4.2}{\376\377\0006\000.\0004\000.\0002\000\040\000C\000o\000n\000s\000t\000r\000u\000c\000t\000o\000r\000\040\000\046\000\040\000D\000e\000s\000t\000r\000u\000c\000t\000o\000r\000\040\000D\000o\000c\000u\000m\000e\000n\000t\000a\000t\000i\000o\000n}{section.6.4}% 65
\BOOKMARK [3][-]{subsubsection.6.4.2.1}{\376\377\0006\000.\0004\000.\0002\000.\0001\000\040\000D\000B\000\050\000\051}{subsection.6.4.2}% 66
\BOOKMARK [2][-]{subsection.6.4.3}{\376\377\0006\000.\0004\000.\0003\000\040\000M\000e\000m\000b\000e\000r\000\040\000F\000u\000n\000c\000t\000i\000o\000n\000\040\000D\000o\000c\000u\000m\000e\000n\000t\000a\000t\000i\000o\000n}{section.6.4}% 67
\BOOKMARK [3][-]{subsubsection.6.4.3.1}{\376\377\0006\000.\0004\000.\0003\000.\0001\000\040\000E\000x\000e\000c\000u\000t\000e\000S\000t\000o\000r\000e\000d\000P\000r\000o\000c\000e\000d\000u\000r\000e\000\050\000\051}{subsection.6.4.3}% 68
\BOOKMARK [3][-]{subsubsection.6.4.3.2}{\376\377\0006\000.\0004\000.\0003\000.\0002\000\040\000O\000p\000e\000n\000C\000o\000n\000n\000e\000c\000t\000i\000o\000n\000\050\000\051}{subsection.6.4.3}% 69
\BOOKMARK [2][-]{subsection.6.4.4}{\376\377\0006\000.\0004\000.\0004\000\040\000P\000r\000o\000p\000e\000r\000t\000y\000\040\000D\000o\000c\000u\000m\000e\000n\000t\000a\000t\000i\000o\000n}{section.6.4}% 70
\BOOKMARK [3][-]{subsubsection.6.4.4.1}{\376\377\0006\000.\0004\000.\0004\000.\0001\000\040\000P\000a\000r\000a\000m\000e\000t\000e\000r\000s}{subsection.6.4.4}% 71
\BOOKMARK [1][-]{section.6.5}{\376\377\0006\000.\0005\000\040\000E\000n\000g\000i\000n\000e\000.\000A\000d\000v\000a\000n\000c\000e\000d\000.\000D\000B\000.\000I\000n\000c\000o\000r\000r\000e\000c\000t\000L\000o\000g\000i\000n\000E\000x\000c\000e\000p\000t\000i\000o\000n\000\040\000C\000l\000a\000s\000s\000\040\000R\000e\000f\000e\000r\000e\000n\000c\000e}{chapter.6}% 72
\BOOKMARK [2][-]{subsection.6.5.1}{\376\377\0006\000.\0005\000.\0001\000\040\000M\000e\000m\000b\000e\000r\000\040\000D\000a\000t\000a\000\040\000D\000o\000c\000u\000m\000e\000n\000t\000a\000t\000i\000o\000n}{section.6.5}% 73
\BOOKMARK [3][-]{subsubsection.6.5.1.1}{\376\377\0006\000.\0005\000.\0001\000.\0001\000\040\000M\000e\000s\000s\000a\000g\000e}{subsection.6.5.1}% 74
\BOOKMARK [1][-]{section.6.6}{\376\377\0006\000.\0006\000\040\000E\000n\000g\000i\000n\000e\000.\000A\000d\000v\000a\000n\000c\000e\000d\000.\000M\000L\000.\000N\000P\000L\000.\000S\000e\000n\000t\000i\000m\000e\000n\000t\000A\000n\000a\000l\000y\000z\000e\000r\000\040\000C\000l\000a\000s\000s\000\040\000R\000e\000f\000e\000r\000e\000n\000c\000e}{chapter.6}% 75
\BOOKMARK [2][-]{subsection.6.6.1}{\376\377\0006\000.\0006\000.\0001\000\040\000D\000e\000t\000a\000i\000l\000e\000d\000\040\000D\000e\000s\000c\000r\000i\000p\000t\000i\000o\000n}{section.6.6}% 76
\BOOKMARK [2][-]{subsection.6.6.2}{\376\377\0006\000.\0006\000.\0002\000\040\000C\000o\000n\000s\000t\000r\000u\000c\000t\000o\000r\000\040\000\046\000\040\000D\000e\000s\000t\000r\000u\000c\000t\000o\000r\000\040\000D\000o\000c\000u\000m\000e\000n\000t\000a\000t\000i\000o\000n}{section.6.6}% 77
\BOOKMARK [3][-]{subsubsection.6.6.2.1}{\376\377\0006\000.\0006\000.\0002\000.\0001\000\040\000S\000e\000n\000t\000i\000m\000e\000n\000t\000A\000n\000a\000l\000y\000z\000e\000r\000\050\000\051}{subsection.6.6.2}% 78
\BOOKMARK [2][-]{subsection.6.6.3}{\376\377\0006\000.\0006\000.\0003\000\040\000M\000e\000m\000b\000e\000r\000\040\000F\000u\000n\000c\000t\000i\000o\000n\000\040\000D\000o\000c\000u\000m\000e\000n\000t\000a\000t\000i\000o\000n}{section.6.6}% 79
\BOOKMARK [3][-]{subsubsection.6.6.3.1}{\376\377\0006\000.\0006\000.\0003\000.\0001\000\040\000L\000o\000a\000d\000D\000a\000t\000a\000\050\000\051}{subsection.6.6.3}% 80
\BOOKMARK [1][-]{section.6.7}{\376\377\0006\000.\0007\000\040\000E\000n\000g\000i\000n\000e\000.\000A\000d\000v\000a\000n\000c\000e\000d\000.\000M\000L\000.\000N\000P\000L\000.\000S\000e\000n\000t\000i\000m\000e\000n\000t\000D\000a\000t\000a\000\040\000C\000l\000a\000s\000s\000\040\000R\000e\000f\000e\000r\000e\000n\000c\000e}{chapter.6}% 81
\BOOKMARK [2][-]{subsection.6.7.1}{\376\377\0006\000.\0007\000.\0001\000\040\000M\000e\000m\000b\000e\000r\000\040\000D\000a\000t\000a\000\040\000D\000o\000c\000u\000m\000e\000n\000t\000a\000t\000i\000o\000n}{section.6.7}% 82
\BOOKMARK [3][-]{subsubsection.6.7.1.1}{\376\377\0006\000.\0007\000.\0001\000.\0001\000\040\000S\000e\000n\000t\000i\000m\000e\000n\000t}{subsection.6.7.1}% 83
\BOOKMARK [3][-]{subsubsection.6.7.1.2}{\376\377\0006\000.\0007\000.\0001\000.\0002\000\040\000S\000e\000n\000t\000i\000m\000e\000n\000t\000T\000e\000x\000t}{subsection.6.7.1}% 84
\BOOKMARK [1][-]{section.6.8}{\376\377\0006\000.\0008\000\040\000E\000n\000g\000i\000n\000e\000.\000A\000d\000v\000a\000n\000c\000e\000d\000.\000M\000L\000.\000N\000P\000L\000.\000S\000e\000n\000t\000i\000m\000e\000n\000t\000P\000r\000e\000d\000i\000c\000t\000i\000o\000n\000\040\000C\000l\000a\000s\000s\000\040\000R\000e\000f\000e\000r\000e\000n\000c\000e}{chapter.6}% 85
\BOOKMARK [2][-]{subsection.6.8.1}{\376\377\0006\000.\0008\000.\0001\000\040\000P\000r\000o\000p\000e\000r\000t\000y\000\040\000D\000o\000c\000u\000m\000e\000n\000t\000a\000t\000i\000o\000n}{section.6.8}% 86
\BOOKMARK [3][-]{subsubsection.6.8.1.1}{\376\377\0006\000.\0008\000.\0001\000.\0001\000\040\000P\000r\000e\000d\000i\000c\000t\000i\000o\000n}{subsection.6.8.1}% 87
\BOOKMARK [3][-]{subsubsection.6.8.1.2}{\376\377\0006\000.\0008\000.\0001\000.\0002\000\040\000P\000r\000o\000b\000a\000b\000i\000l\000i\000t\000y}{subsection.6.8.1}% 88
\BOOKMARK [3][-]{subsubsection.6.8.1.3}{\376\377\0006\000.\0008\000.\0001\000.\0003\000\040\000S\000c\000o\000r\000e}{subsection.6.8.1}% 89
\BOOKMARK [1][-]{section.6.9}{\376\377\0006\000.\0009\000\040\000E\000n\000g\000i\000n\000e\000.\000A\000d\000v\000a\000n\000c\000e\000d\000.\000T\000C\000P\000.\000A\000s\000y\000n\000c\000S\000e\000r\000v\000e\000r\000S\000o\000c\000k\000e\000t\000.\000S\000e\000r\000v\000e\000r\000S\000t\000a\000t\000u\000s\000\040\000C\000l\000a\000s\000s\000\040\000R\000e\000f\000e\000r\000e\000n\000c\000e}{chapter.6}% 90
\BOOKMARK [2][-]{subsection.6.9.1}{\376\377\0006\000.\0009\000.\0001\000\040\000C\000o\000n\000s\000t\000r\000u\000c\000t\000o\000r\000\040\000\046\000\040\000D\000e\000s\000t\000r\000u\000c\000t\000o\000r\000\040\000D\000o\000c\000u\000m\000e\000n\000t\000a\000t\000i\000o\000n}{section.6.9}% 91
\BOOKMARK [3][-]{subsubsection.6.9.1.1}{\376\377\0006\000.\0009\000.\0001\000.\0001\000\040\000S\000e\000r\000v\000e\000r\000S\000t\000a\000t\000u\000s\000\050\000\051}{subsection.6.9.1}% 92
\BOOKMARK [2][-]{subsection.6.9.2}{\376\377\0006\000.\0009\000.\0002\000\040\000M\000e\000m\000b\000e\000r\000\040\000D\000a\000t\000a\000\040\000D\000o\000c\000u\000m\000e\000n\000t\000a\000t\000i\000o\000n}{section.6.9}% 93
\BOOKMARK [3][-]{subsubsection.6.9.2.1}{\376\377\0006\000.\0009\000.\0002\000.\0001\000\040\000C\000U\000R\000R\000E\000N\000T\000\137\000C\000O\000N\000N\000E\000C\000T\000I\000O\000N\000S}{subsection.6.9.2}% 94
\BOOKMARK [3][-]{subsubsection.6.9.2.2}{\376\377\0006\000.\0009\000.\0002\000.\0002\000\040\000F\000u\000l\000l}{subsection.6.9.2}% 95
\BOOKMARK [3][-]{subsubsection.6.9.2.3}{\376\377\0006\000.\0009\000.\0002\000.\0003\000\040\000M\000A\000X\000\137\000C\000O\000N\000N\000E\000C\000T\000I\000O\000N\000S}{subsection.6.9.2}% 96
\BOOKMARK [3][-]{subsubsection.6.9.2.4}{\376\377\0006\000.\0009\000.\0002\000.\0004\000\040\000R\000u\000n\000n\000i\000n\000g}{subsection.6.9.2}% 97
\BOOKMARK [3][-]{subsubsection.6.9.2.5}{\376\377\0006\000.\0009\000.\0002\000.\0005\000\040\000T\000i\000m\000e\000R\000u\000n\000n\000i\000n\000g}{subsection.6.9.2}% 98
\BOOKMARK [3][-]{subsubsection.6.9.2.6}{\376\377\0006\000.\0009\000.\0002\000.\0006\000\040\000U\000S\000A\000G\000E\000\137\000P\000E\000R\000C\000E\000N\000T}{subsection.6.9.2}% 99
\BOOKMARK [3][-]{subsubsection.6.9.2.7}{\376\377\0006\000.\0009\000.\0002\000.\0007\000\040\000W\000a\000r\000n\000i\000n\000g}{subsection.6.9.2}% 100
\BOOKMARK [1][-]{section.6.10}{\376\377\0006\000.\0001\0000\000\040\000E\000n\000g\000i\000n\000e\000.\000A\000d\000v\000a\000n\000c\000e\000d\000.\000D\000B\000.\000S\000e\000r\000v\000e\000r\000U\000n\000a\000v\000a\000l\000i\000a\000b\000l\000e\000E\000x\000c\000e\000p\000t\000i\000o\000n\000\040\000C\000l\000a\000s\000s\000\040\000R\000e\000f\000e\000r\000e\000n\000c\000e}{chapter.6}% 101
\BOOKMARK [2][-]{subsection.6.10.1}{\376\377\0006\000.\0001\0000\000.\0001\000\040\000M\000e\000m\000b\000e\000r\000\040\000D\000a\000t\000a\000\040\000D\000o\000c\000u\000m\000e\000n\000t\000a\000t\000i\000o\000n}{section.6.10}% 102
\BOOKMARK [3][-]{subsubsection.6.10.1.1}{\376\377\0006\000.\0001\0000\000.\0001\000.\0001\000\040\000M\000e\000s\000s\000a\000g\000e}{subsection.6.10.1}% 103
\BOOKMARK [0][-]{chapter.7}{\376\377\0007\000\040\000F\000i\000l\000e\000\040\000D\000o\000c\000u\000m\000e\000n\000t\000a\000t\000i\000o\000n}{}% 104
\BOOKMARK [1][-]{section.7.1}{\376\377\0007\000.\0001\000\040\000D\000:\000/\000D\000o\000c\000u\000m\000e\000n\000t\000o\000s\000/\000P\000r\000o\000y\000e\000c\000t\000o\000s\000\040\000V\000S\000/\000E\000n\000g\000i\000n\000e\000/\000A\000s\000y\000n\000c\000C\000l\000i\000e\000n\000t\000S\000o\000c\000k\000e\000t\000.\000c\000s\000\040\000F\000i\000l\000e\000\040\000R\000e\000f\000e\000r\000e\000n\000c\000e}{chapter.7}% 105
\BOOKMARK [1][-]{section.7.2}{\376\377\0007\000.\0002\000\040\000D\000:\000/\000D\000o\000c\000u\000m\000e\000n\000t\000o\000s\000/\000P\000r\000o\000y\000e\000c\000t\000o\000s\000\040\000V\000S\000/\000E\000n\000g\000i\000n\000e\000/\000A\000s\000y\000n\000c\000S\000e\000r\000v\000e\000r\000S\000o\000c\000k\000e\000t\000.\000c\000s\000\040\000F\000i\000l\000e\000\040\000R\000e\000f\000e\000r\000e\000n\000c\000e}{chapter.7}% 106
\BOOKMARK [1][-]{section.7.3}{\376\377\0007\000.\0003\000\040\000D\000:\000/\000D\000o\000c\000u\000m\000e\000n\000t\000o\000s\000/\000P\000r\000o\000y\000e\000c\000t\000o\000s\000\040\000V\000S\000/\000E\000n\000g\000i\000n\000e\000/\000C\000o\000m\000m\000a\000n\000d\000L\000i\000n\000e\000.\000c\000s\000\040\000F\000i\000l\000e\000\040\000R\000e\000f\000e\000r\000e\000n\000c\000e}{chapter.7}% 107
\BOOKMARK [1][-]{section.7.4}{\376\377\0007\000.\0004\000\040\000D\000:\000/\000D\000o\000c\000u\000m\000e\000n\000t\000o\000s\000/\000P\000r\000o\000y\000e\000c\000t\000o\000s\000\040\000V\000S\000/\000E\000n\000g\000i\000n\000e\000/\000D\000B\000.\000c\000s\000\040\000F\000i\000l\000e\000\040\000R\000e\000f\000e\000r\000e\000n\000c\000e}{chapter.7}% 108
\BOOKMARK [1][-]{section.7.5}{\376\377\0007\000.\0005\000\040\000D\000:\000/\000D\000o\000c\000u\000m\000e\000n\000t\000o\000s\000/\000P\000r\000o\000y\000e\000c\000t\000o\000s\000\040\000V\000S\000/\000E\000n\000g\000i\000n\000e\000/\000E\000x\000t\000e\000n\000d\000e\000d\000.\000c\000s\000\040\000F\000i\000l\000e\000\040\000R\000e\000f\000e\000r\000e\000n\000c\000e}{chapter.7}% 109
\BOOKMARK [1][-]{section.7.6}{\376\377\0007\000.\0006\000\040\000D\000:\000/\000D\000o\000c\000u\000m\000e\000n\000t\000o\000s\000/\000P\000r\000o\000y\000e\000c\000t\000o\000s\000\040\000V\000S\000/\000E\000n\000g\000i\000n\000e\000/\000G\000e\000n\000e\000r\000a\000l\000.\000c\000s\000\040\000F\000i\000l\000e\000\040\000R\000e\000f\000e\000r\000e\000n\000c\000e}{chapter.7}% 110
\BOOKMARK [1][-]{section.7.7}{\376\377\0007\000.\0007\000\040\000D\000:\000/\000D\000o\000c\000u\000m\000e\000n\000t\000o\000s\000/\000P\000r\000o\000y\000e\000c\000t\000o\000s\000\040\000V\000S\000/\000E\000n\000g\000i\000n\000e\000/\000S\000e\000n\000t\000i\000m\000e\000n\000t\000A\000n\000a\000l\000y\000z\000e\000r\000.\000c\000s\000\040\000F\000i\000l\000e\000\040\000R\000e\000f\000e\000r\000e\000n\000c\000e}{chapter.7}% 111
\BOOKMARK [1][-]{section.7.8}{\376\377\0007\000.\0008\000\040\000D\000:\000/\000D\000o\000c\000u\000m\000e\000n\000t\000o\000s\000/\000P\000r\000o\000y\000e\000c\000t\000o\000s\000\040\000V\000S\000/\000E\000n\000g\000i\000n\000e\000/\000S\000e\000n\000t\000i\000m\000e\000n\000t\000D\000a\000t\000a\000.\000c\000s\000\040\000F\000i\000l\000e\000\040\000R\000e\000f\000e\000r\000e\000n\000c\000e}{chapter.7}% 112
\BOOKMARK [0][-]{section*.49}{\376\377\000I\000n\000d\000e\000x}{}% 113
